2011-10-24 10:32:41 Debug: Notice (8): Undefined variable: fundchosen in [C:\Users\JT\ASAP\app\views\trades\index.ctp, line 13]
2011-10-24 10:32:48 Debug: Notice (8): Undefined variable: fundchosen in [C:\Users\JT\ASAP\app\views\trades\index.ctp, line 13]
2011-10-24 10:32:54 Debug: Notice (8): Undefined variable: fundchosen in [C:\Users\JT\ASAP\app\views\trades\index.ctp, line 13]
2011-10-24 10:33:20 Debug: Notice (8): Undefined variable: fundchosen in [C:\Users\JT\ASAP\app\views\trades\index.ctp, line 9]
2011-10-24 10:44:20 Debug: Notice (8): Undefined variable: fundchosen in [C:\Users\JT\ASAP\app\views\trades\index.ctp, line 9]
2011-10-24 10:44:20 Debug: Notice (8): Undefined variable: fundchosen in [C:\Users\JT\ASAP\app\views\trades\index.ctp, line 18]
2011-10-24 10:45:21 Debug: Notice (8): Undefined variable: fundchosen in [C:\Users\JT\ASAP\app\views\trades\index.ctp, line 9]
2011-10-24 12:50:38 Debug: Notice (8): Undefined variable: thisValue in [C:\Users\JT\ASAP\app\controllers\trades_controller.php, line 16]
2011-10-24 12:55:35 Debug: Notice (8): Undefined index: Fund in [C:\Users\JT\ASAP\app\views\trades\index.ctp, line 18]
2011-10-24 12:56:21 Debug: Notice (8): Undefined index: Trade in [C:\Users\JT\ASAP\app\views\trades\index.ctp, line 18]
2011-10-24 12:56:40 Debug: Notice (8): Undefined index: Trade in [C:\Users\JT\ASAP\app\views\trades\index.ctp, line 18]
2011-10-24 12:57:00 Debug: Notice (8): Undefined index: Trade in [C:\Users\JT\ASAP\app\views\trades\index.ctp, line 18]
2011-10-24 12:57:55 Debug: Notice (8): Undefined index: Trade in [C:\Users\JT\ASAP\app\views\trades\index.ctp, line 18]
2011-10-24 12:57:55 Debug: Notice (8): Undefined variable: funds in [C:\Users\JT\ASAP\app\views\trades\index.ctp, line 22]
2011-10-24 13:02:24 Debug: Notice (8): Use of undefined constant setvars - assumed 'setvars' in [C:\Users\JT\ASAP\app\controllers\trades_controller.php, line 7]
2011-10-24 13:02:24 Debug: Notice (8): Undefined index: Trade in [C:\Users\JT\ASAP\app\views\trades\index.ctp, line 18]
2011-10-24 13:02:24 Debug: Notice (8): Undefined variable: funds in [C:\Users\JT\ASAP\app\views\trades\index.ctp, line 22]
2011-10-24 13:09:48 Debug: Notice (8): Undefined index: Trade in [C:\Users\JT\ASAP\app\views\trades\index.ctp, line 18]
2011-10-24 13:19:45 Debug: Notice (8): Undefined variable: funds in [C:\Users\JT\ASAP\app\controllers\trades_controller.php, line 41]
2011-10-24 13:23:18 Debug: Notice (8): Undefined index: fundchosen in [C:\Users\JT\ASAP\app\controllers\trades_controller.php, line 42]
2011-10-24 13:50:19 Debug: Notice (8): Undefined variable: brokers in [C:\Users\JT\ASAP\app\controllers\trades_controller.php, line 34]
2011-10-24 13:50:59 Debug: Notice (8): Undefined variable: funds in [C:\Users\JT\ASAP\app\controllers\trades_controller.php, line 34]
2011-10-24 13:51:22 Debug: Notice (8): Undefined variable: funds in [C:\Users\JT\ASAP\app\controllers\trades_controller.php, line 34]
2011-10-24 13:52:22 Debug: Notice (8): Undefined variable: funds in [C:\Users\JT\ASAP\app\controllers\trades_controller.php, line 34]
2011-10-24 13:53:00 Debug: Notice (8): Undefined variable: funds in [C:\Users\JT\ASAP\app\controllers\trades_controller.php, line 34]
2011-10-24 13:53:06 Debug: Notice (8): Undefined variable: funds in [C:\Users\JT\ASAP\app\controllers\trades_controller.php, line 34]
2011-10-24 13:53:08 Debug: Notice (8): Undefined variable: funds in [C:\Users\JT\ASAP\app\controllers\trades_controller.php, line 34]
2011-10-24 13:53:11 Debug: Notice (8): Undefined variable: funds in [C:\Users\JT\ASAP\app\controllers\trades_controller.php, line 34]
2011-10-24 13:55:00 Debug: Notice (8): Undefined variable: funds in [C:\Users\JT\ASAP\app\controllers\trades_controller.php, line 34]
2011-10-25 07:59:35 Debug: Notice (8): Undefined property: TradesController::$Html in [C:\Users\JT\ASAP\app\controllers\trades_controller.php, line 37]
2011-10-25 08:00:56 Debug: Notice (8): Undefined variable: helpers in [C:\Users\JT\ASAP\app\controllers\trades_controller.php, line 41]
2011-10-25 08:02:26 Debug: Notice (8): Undefined variable: helpers in [C:\Users\JT\ASAP\app\controllers\trades_controller.php, line 41]
2011-10-25 08:03:02 Debug: Notice (8): Undefined variable: name in [C:\Users\JT\ASAP\app\controllers\trades_controller.php, line 41]
2011-10-25 08:03:19 Debug: Notice (8): Undefined variable: name in [C:\Users\JT\ASAP\app\controllers\trades_controller.php, line 41]
2011-10-25 08:05:41 Debug: Notice (8): Undefined variable: helpers in [C:\Users\JT\ASAP\app\controllers\trades_controller.php, line 42]
2011-10-25 08:06:08 Debug: Notice (8): Undefined variable: helpers in [C:\Users\JT\ASAP\app\controllers\trades_controller.php, line 11]
2011-10-25 08:17:12 Debug: Notice (8): Undefined property: TradesController::$Html in [C:\Users\JT\ASAP\app\controllers\trades_controller.php, line 37]
2011-10-26 08:24:04 Debug: Notice (8): Undefined index: Fund in [C:\Users\JT\ASAP\app\views\trades\view.ctp, line 14]
2011-10-26 08:24:04 Debug: Notice (8): Undefined index: Sec in [C:\Users\JT\ASAP\app\views\trades\view.ctp, line 15]
2011-10-26 08:24:04 Debug: Notice (8): Undefined index: Sec in [C:\Users\JT\ASAP\app\views\trades\view.ctp, line 17]
2011-10-26 08:24:04 Debug: Notice (8): Undefined index: TradeType in [C:\Users\JT\ASAP\app\views\trades\view.ctp, line 28]
2011-10-26 08:24:04 Debug: Notice (8): Undefined index: Trade in [C:\Users\JT\ASAP\app\views\trades\view.ctp, line 29]
2011-10-26 08:24:04 Debug: Notice (8): Undefined index: Trade in [C:\Users\JT\ASAP\app\views\trades\view.ctp, line 30]
2011-10-26 08:24:04 Debug: Notice (8): Undefined index: Trade in [C:\Users\JT\ASAP\app\views\trades\view.ctp, line 31]
2011-10-26 08:24:04 Debug: Notice (8): Undefined index: Trade in [C:\Users\JT\ASAP\app\views\trades\view.ctp, line 42]
2011-10-26 08:24:05 Debug: Notice (8): Undefined index: Trade in [C:\Users\JT\ASAP\app\views\trades\view.ctp, line 43]
2011-10-26 08:24:05 Debug: Notice (8): Undefined index: Trade in [C:\Users\JT\ASAP\app\views\trades\view.ctp, line 44]
2011-10-26 08:24:05 Debug: Notice (8): Undefined index: Broker in [C:\Users\JT\ASAP\app\views\trades\view.ctp, line 56]
2011-10-26 08:24:05 Debug: Notice (8): Undefined index: Trade in [C:\Users\JT\ASAP\app\views\trades\view.ctp, line 57]
2011-10-26 08:24:05 Debug: Notice (8): Undefined index: Trade in [C:\Users\JT\ASAP\app\views\trades\view.ctp, line 58]
2011-10-26 08:24:05 Debug: Notice (8): Undefined index: Trade in [C:\Users\JT\ASAP\app\views\trades\view.ctp, line 59]
2011-10-26 08:24:05 Debug: Notice (8): Undefined index: Reason in [C:\Users\JT\ASAP\app\views\trades\view.ctp, line 71]
2011-10-26 08:24:05 Debug: Notice (8): Undefined index: Trade in [C:\Users\JT\ASAP\app\views\trades\view.ctp, line 72]
2011-10-26 08:24:05 Debug: Notice (8): Undefined index: Trade in [C:\Users\JT\ASAP\app\views\trades\view.ctp, line 73]
2011-10-26 08:25:09 Debug: Notice (8): Undefined index: Fund in [C:\Users\JT\ASAP\app\views\trades\view.ctp, line 16]
2011-10-26 08:25:09 Debug: Notice (8): Undefined index: Sec in [C:\Users\JT\ASAP\app\views\trades\view.ctp, line 17]
2011-10-26 08:25:09 Debug: Notice (8): Undefined index: Sec in [C:\Users\JT\ASAP\app\views\trades\view.ctp, line 19]
2011-10-26 08:25:09 Debug: Notice (8): Undefined index: TradeType in [C:\Users\JT\ASAP\app\views\trades\view.ctp, line 30]
2011-10-26 08:25:09 Debug: Notice (8): Undefined index: Trade in [C:\Users\JT\ASAP\app\views\trades\view.ctp, line 31]
2011-10-26 08:25:09 Debug: Notice (8): Undefined index: Trade in [C:\Users\JT\ASAP\app\views\trades\view.ctp, line 32]
2011-10-26 08:25:09 Debug: Notice (8): Undefined index: Trade in [C:\Users\JT\ASAP\app\views\trades\view.ctp, line 33]
2011-10-26 08:25:09 Debug: Notice (8): Undefined index: Trade in [C:\Users\JT\ASAP\app\views\trades\view.ctp, line 44]
2011-10-26 08:25:09 Debug: Notice (8): Undefined index: Trade in [C:\Users\JT\ASAP\app\views\trades\view.ctp, line 45]
2011-10-26 08:25:09 Debug: Notice (8): Undefined index: Trade in [C:\Users\JT\ASAP\app\views\trades\view.ctp, line 46]
2011-10-26 08:25:09 Debug: Notice (8): Undefined index: Broker in [C:\Users\JT\ASAP\app\views\trades\view.ctp, line 58]
2011-10-26 08:25:09 Debug: Notice (8): Undefined index: Trade in [C:\Users\JT\ASAP\app\views\trades\view.ctp, line 59]
2011-10-26 08:25:09 Debug: Notice (8): Undefined index: Trade in [C:\Users\JT\ASAP\app\views\trades\view.ctp, line 60]
2011-10-26 08:25:09 Debug: Notice (8): Undefined index: Trade in [C:\Users\JT\ASAP\app\views\trades\view.ctp, line 61]
2011-10-26 08:25:09 Debug: Notice (8): Undefined index: Reason in [C:\Users\JT\ASAP\app\views\trades\view.ctp, line 73]
2011-10-26 08:25:09 Debug: Notice (8): Undefined index: Trade in [C:\Users\JT\ASAP\app\views\trades\view.ctp, line 74]
2011-10-26 08:25:09 Debug: Notice (8): Undefined index: Trade in [C:\Users\JT\ASAP\app\views\trades\view.ctp, line 75]
2011-10-26 08:25:41 Debug: Notice (8): Undefined index: Fund in [C:\Users\JT\ASAP\app\views\trades\view.ctp, line 17]
2011-10-26 08:25:41 Debug: Notice (8): Undefined index: Sec in [C:\Users\JT\ASAP\app\views\trades\view.ctp, line 18]
2011-10-26 08:25:41 Debug: Notice (8): Undefined index: Sec in [C:\Users\JT\ASAP\app\views\trades\view.ctp, line 20]
2011-10-26 08:25:41 Debug: Notice (8): Undefined index: TradeType in [C:\Users\JT\ASAP\app\views\trades\view.ctp, line 31]
2011-10-26 08:25:41 Debug: Notice (8): Undefined index: Trade in [C:\Users\JT\ASAP\app\views\trades\view.ctp, line 32]
2011-10-26 08:25:41 Debug: Notice (8): Undefined index: Trade in [C:\Users\JT\ASAP\app\views\trades\view.ctp, line 33]
2011-10-26 08:25:41 Debug: Notice (8): Undefined index: Trade in [C:\Users\JT\ASAP\app\views\trades\view.ctp, line 34]
2011-10-26 08:25:41 Debug: Notice (8): Undefined index: Trade in [C:\Users\JT\ASAP\app\views\trades\view.ctp, line 45]
2011-10-26 08:25:41 Debug: Notice (8): Undefined index: Trade in [C:\Users\JT\ASAP\app\views\trades\view.ctp, line 46]
2011-10-26 08:25:41 Debug: Notice (8): Undefined index: Trade in [C:\Users\JT\ASAP\app\views\trades\view.ctp, line 47]
2011-10-26 08:25:41 Debug: Notice (8): Undefined index: Broker in [C:\Users\JT\ASAP\app\views\trades\view.ctp, line 59]
2011-10-26 08:25:41 Debug: Notice (8): Undefined index: Trade in [C:\Users\JT\ASAP\app\views\trades\view.ctp, line 60]
2011-10-26 08:25:41 Debug: Notice (8): Undefined index: Trade in [C:\Users\JT\ASAP\app\views\trades\view.ctp, line 61]
2011-10-26 08:25:41 Debug: Notice (8): Undefined index: Trade in [C:\Users\JT\ASAP\app\views\trades\view.ctp, line 62]
2011-10-26 08:25:41 Debug: Notice (8): Undefined index: Reason in [C:\Users\JT\ASAP\app\views\trades\view.ctp, line 74]
2011-10-26 08:25:41 Debug: Notice (8): Undefined index: Trade in [C:\Users\JT\ASAP\app\views\trades\view.ctp, line 75]
2011-10-26 08:25:41 Debug: Notice (8): Undefined index: Trade in [C:\Users\JT\ASAP\app\views\trades\view.ctp, line 76]
2011-10-26 08:25:49 Debug: Notice (8): Undefined index: Fund in [C:\Users\JT\ASAP\app\views\trades\view.ctp, line 17]
2011-10-26 08:25:49 Debug: Notice (8): Undefined index: Sec in [C:\Users\JT\ASAP\app\views\trades\view.ctp, line 18]
2011-10-26 08:25:49 Debug: Notice (8): Undefined index: Sec in [C:\Users\JT\ASAP\app\views\trades\view.ctp, line 20]
2011-10-26 08:25:49 Debug: Notice (8): Undefined index: TradeType in [C:\Users\JT\ASAP\app\views\trades\view.ctp, line 31]
2011-10-26 08:25:49 Debug: Notice (8): Undefined index: Trade in [C:\Users\JT\ASAP\app\views\trades\view.ctp, line 32]
2011-10-26 08:25:49 Debug: Notice (8): Undefined index: Trade in [C:\Users\JT\ASAP\app\views\trades\view.ctp, line 33]
2011-10-26 08:25:49 Debug: Notice (8): Undefined index: Trade in [C:\Users\JT\ASAP\app\views\trades\view.ctp, line 34]
2011-10-26 08:25:49 Debug: Notice (8): Undefined index: Trade in [C:\Users\JT\ASAP\app\views\trades\view.ctp, line 45]
2011-10-26 08:25:49 Debug: Notice (8): Undefined index: Trade in [C:\Users\JT\ASAP\app\views\trades\view.ctp, line 46]
2011-10-26 08:25:49 Debug: Notice (8): Undefined index: Trade in [C:\Users\JT\ASAP\app\views\trades\view.ctp, line 47]
2011-10-26 08:25:49 Debug: Notice (8): Undefined index: Broker in [C:\Users\JT\ASAP\app\views\trades\view.ctp, line 59]
2011-10-26 08:25:49 Debug: Notice (8): Undefined index: Trade in [C:\Users\JT\ASAP\app\views\trades\view.ctp, line 60]
2011-10-26 08:25:49 Debug: Notice (8): Undefined index: Trade in [C:\Users\JT\ASAP\app\views\trades\view.ctp, line 61]
2011-10-26 08:25:49 Debug: Notice (8): Undefined index: Trade in [C:\Users\JT\ASAP\app\views\trades\view.ctp, line 62]
2011-10-26 08:25:49 Debug: Notice (8): Undefined index: Reason in [C:\Users\JT\ASAP\app\views\trades\view.ctp, line 74]
2011-10-26 08:25:49 Debug: Notice (8): Undefined index: Trade in [C:\Users\JT\ASAP\app\views\trades\view.ctp, line 75]
2011-10-26 08:25:49 Debug: Notice (8): Undefined index: Trade in [C:\Users\JT\ASAP\app\views\trades\view.ctp, line 76]
2011-10-26 08:31:32 Debug: Notice (8): Undefined index: Trade in [C:\Users\JT\ASAP\app\controllers\trades_controller.php, line 80]
2011-10-26 08:35:16 Debug: Notice (8): Undefined index: Trade in [C:\Users\JT\ASAP\app\views\trades\view.ctp, line 6]
2011-10-26 08:35:38 Debug: Notice (8): Undefined index: trade in [C:\Users\JT\ASAP\app\views\trades\view.ctp, line 6]
2011-10-26 08:37:52 Debug: Notice (8): Undefined index: Sec in [C:\Users\JT\ASAP\app\views\trades\view.ctp, line 17]
2011-10-26 08:37:52 Debug: Notice (8): Undefined index: TradeType in [C:\Users\JT\ASAP\app\views\trades\view.ctp, line 28]
2011-10-26 08:37:52 Debug: Notice (8): Undefined index: Trade in [C:\Users\JT\ASAP\app\views\trades\view.ctp, line 29]
2011-10-26 08:37:52 Debug: Notice (8): Undefined index: Trade in [C:\Users\JT\ASAP\app\views\trades\view.ctp, line 30]
2011-10-26 08:37:52 Debug: Notice (8): Undefined index: Trade in [C:\Users\JT\ASAP\app\views\trades\view.ctp, line 31]
2011-10-26 08:37:52 Debug: Notice (8): Undefined index: Trade in [C:\Users\JT\ASAP\app\views\trades\view.ctp, line 42]
2011-10-26 08:37:52 Debug: Notice (8): Undefined index: Trade in [C:\Users\JT\ASAP\app\views\trades\view.ctp, line 43]
2011-10-26 08:37:52 Debug: Notice (8): Undefined index: Trade in [C:\Users\JT\ASAP\app\views\trades\view.ctp, line 44]
2011-10-26 08:37:52 Debug: Notice (8): Undefined index: Broker in [C:\Users\JT\ASAP\app\views\trades\view.ctp, line 56]
2011-10-26 08:37:52 Debug: Notice (8): Undefined index: Trade in [C:\Users\JT\ASAP\app\views\trades\view.ctp, line 57]
2011-10-26 08:37:52 Debug: Notice (8): Undefined index: Trade in [C:\Users\JT\ASAP\app\views\trades\view.ctp, line 58]
2011-10-26 08:37:52 Debug: Notice (8): Undefined index: Trade in [C:\Users\JT\ASAP\app\views\trades\view.ctp, line 59]
2011-10-26 08:37:52 Debug: Notice (8): Undefined index: Reason in [C:\Users\JT\ASAP\app\views\trades\view.ctp, line 71]
2011-10-26 08:37:52 Debug: Notice (8): Undefined index: Trade in [C:\Users\JT\ASAP\app\views\trades\view.ctp, line 72]
2011-10-26 08:37:52 Debug: Notice (8): Undefined index: Trade in [C:\Users\JT\ASAP\app\views\trades\view.ctp, line 73]
2011-10-26 11:02:30 Debug: Notice (8): Undefined index: Trade in [C:\Users\JT\ASAP\app\views\trades\view.ctp, line 3]
2011-10-26 14:41:53 Debug: Notice (8): Undefined property: TradesController::$id in [C:\Users\JT\ASAP\app\controllers\trades_controller.php, line 63]
2011-10-26 14:44:05 Debug: Notice (8): Undefined property: TradesController::$id in [C:\Users\JT\ASAP\app\controllers\trades_controller.php, line 63]
2011-10-26 15:05:35 Debug: Notice (8): Undefined index: id in [C:\Users\JT\ASAP\app\controllers\trades_controller.php, line 65]
2011-10-26 15:44:46 Debug: Notice (8): Undefined property: Trade::$crd in [C:\Users\JT\ASAP\app\controllers\trades_controller.php, line 65]
2011-10-26 15:45:06 Debug: Notice (8): Undefined property: Trade::$broker_contact in [C:\Users\JT\ASAP\app\controllers\trades_controller.php, line 65]
2011-10-26 15:45:40 Debug: Notice (8): Undefined property: Trade::$executed in [C:\Users\JT\ASAP\app\controllers\trades_controller.php, line 65]
2011-10-26 15:46:32 Debug: Notice (8): Undefined index: crd in [C:\Users\JT\ASAP\app\controllers\trades_controller.php, line 65]
2011-10-26 15:47:20 Debug: Notice (8): Undefined index: crd in [C:\Users\JT\ASAP\app\controllers\trades_controller.php, line 65]
2011-10-26 15:51:20 Debug: Notice (8): Undefined index: crd in [C:\Users\JT\ASAP\app\controllers\trades_controller.php, line 65]
2011-10-26 16:08:05 Debug: Notice (8): Trying to get property of non-object in [C:\Users\JT\ASAP\app\controllers\trades_controller.php, line 51]
2011-10-27 08:02:58 Debug: Notice (8): A non well formed numeric value encountered in [C:\Users\JT\ASAP\app\controllers\trades_controller.php, line 11]
2011-10-28 14:07:15 Debug: Notice (8): Undefined property: Trade::$SecType in [C:\Users\JT\ASAP\app\controllers\trades_controller.php, line 115]
2011-10-28 14:07:40 Debug: Notice (8): Undefined property: Trade::$SecType in [C:\Users\JT\ASAP\app\controllers\trades_controller.php, line 115]
2011-10-28 14:18:36 Debug: Notice (8): Undefined index: notes in [C:\Users\JT\ASAP\app\views\trades\view.ctp, line 21]
